<?xml version="1.0" encoding="UTF-8"?>
<testsuite xmlns:xsi="http://www.w3.org/2001/XMLSchema-instance" xsi:noNamespaceSchemaLocation="https://maven.apache.org/surefire/maven-surefire-plugin/xsd/surefire-test-report-3.0.xsd" version="3.0" name="com.pragmatic.service.AccountServiceTest" time="2.343" tests="1" errors="1" skipped="0" failures="0">
  <properties>
[...]
</properties>
  <testcase name="moneyTransferTest" classname="com.pragmatic.service.AccountServiceTest" time="2.232">
    <error message="&#10;Cannot instantiate @InjectMocks field named &apos;accountServiceTest&apos;! Cause: the type &apos;AccountService&apos; is an interface.&#10;You haven&apos;t provided the instance at field declaration so I tried to construct the instance.&#10;Examples of correct usage of @InjectMocks:&#10;   @InjectMocks Service service = new Service();&#10;   @InjectMocks Service service;&#10;   //and... don&apos;t forget about some @Mocks for injection :)&#10;" type="org.mockito.exceptions.base.MockitoException"><![CDATA[org.mockito.exceptions.base.MockitoException: 

Cannot instantiate @InjectMocks field named 'accountServiceTest'! Cause: the type 'AccountService' is an interface.
You haven't provided the instance at field declaration so I tried to construct the instance.
Examples of correct usage of @InjectMocks:
   @InjectMocks Service service = new Service();
   @InjectMocks Service service;
   //and... don't forget about some @Mocks for injection :)

	at org.mockito.junit.jupiter.MockitoExtension.beforeEach(MockitoExtension.java:160)
	at java.base/java.util.ArrayList.forEach(ArrayList.java:1596)
	at java.base/java.util.ArrayList.forEach(ArrayList.java:1596)
	Suppressed: java.lang.NullPointerException: Cannot invoke "java.util.Set.forEach(java.util.function.Consumer)" because the return value of "org.junit.jupiter.api.extension.ExtensionContext$Store.remove(Object, java.lang.Class)" is null
		at org.mockito.junit.jupiter.MockitoExtension.afterEach(MockitoExtension.java:194)
		... 2 more
]]></error>
    <system-err><![CDATA[WARNING: A Java agent has been loaded dynamically (/home/lite/.m2/repository/net/bytebuddy/byte-buddy-agent/1.14.17/byte-buddy-agent-1.14.17.jar)
WARNING: If a serviceability tool is in use, please run with -XX:+EnableDynamicAgentLoading to hide this warning
WARNING: If a serviceability tool is not in use, please run with -Djdk.instrument.traceUsage for more information
WARNING: Dynamic loading of agents will be disallowed by default in a future release
]]></system-err>
  </testcase>
</testsuite>