<?xml version="1.0" encoding="UTF-8"?>
<testsuite xmlns:xsi="http://www.w3.org/2001/XMLSchema-instance" xsi:noNamespaceSchemaLocation="https://maven.apache.org/surefire/maven-surefire-plugin/xsd/surefire-test-report.xsd" name="com.pragmatic.testing.CalculatorTest" time="0.001" tests="1" errors="0" skipped="0" failures="1">
  <properties>
[...]
</properties>
  <testcase name="com.pragmatic.testing.CalculatorTest.testSubtract" classname="com.pragmatic.testing.CalculatorTest" time="0.001">
    <failure message="Cannot invoke &quot;com.pragmatic.testing.Database.returnTest()&quot; because &quot;this.mockDatabase&quot; is null" type="java.lang.NullPointerException">java.lang.NullPointerException: Cannot invoke "com.pragmatic.testing.Database.returnTest()" because "this.mockDatabase" is null
	at com.pragmatic.testing.CalculatorTest.testSubtract(CalculatorTest.java:34)
</failure>
  </testcase>
</testsuite>